Using pre-set license
Built from '2021.2/staging' branch; Version is '2021.2.7f1 (6bd9e232123f) revision 7068130'; Using compiler version '192829333'; Build Type 'Release'
OS: 'Windows 10  (10.0.19042) 64bit Core' Language: 'ko' Physical Memory: 16317 MB
BatchMode: 1, IsHumanControllingUs: 0, StartBugReporterOnCrash: 0, Is64bit: 1, IsPro: 0

COMMAND LINE ARGUMENTS:
D:\2021.2.7f1\Editor\Unity.exe
-adb2
-batchMode
-noUpm
-name
AssetImportWorker0
-projectPath
D:/Revenant/3-1/Revenant_v.0.0.0
-logFile
Logs/AssetImportWorker0.log
-srvPort
60711
Successfully changed project path to: D:/Revenant/3-1/Revenant_v.0.0.0
D:/Revenant/3-1/Revenant_v.0.0.0
[UnityMemory] Configuration Parameters - Can be set up in boot.config
    "memorysetup-bucket-allocator-granularity=16"
    "memorysetup-bucket-allocator-bucket-count=8"
    "memorysetup-bucket-allocator-block-size=33554432"
    "memorysetup-bucket-allocator-block-count=8"
    "memorysetup-main-allocator-block-size=16777216"
    "memorysetup-thread-allocator-block-size=16777216"
    "memorysetup-gfx-main-allocator-block-size=16777216"
    "memorysetup-gfx-thread-allocator-block-size=16777216"
    "memorysetup-cache-allocator-block-size=4194304"
    "memorysetup-typetree-allocator-block-size=2097152"
    "memorysetup-profiler-bucket-allocator-granularity=16"
    "memorysetup-profiler-bucket-allocator-bucket-count=8"
    "memorysetup-profiler-bucket-allocator-block-size=33554432"
    "memorysetup-profiler-bucket-allocator-block-count=8"
    "memorysetup-profiler-allocator-block-size=16777216"
    "memorysetup-profiler-editor-allocator-block-size=1048576"
    "memorysetup-temp-allocator-size-main=16777216"
    "memorysetup-job-temp-allocator-block-size=2097152"
    "memorysetup-job-temp-allocator-block-size-background=1048576"
    "memorysetup-job-temp-allocator-reduction-small-platforms=262144"
    "memorysetup-temp-allocator-size-background-worker=32768"
    "memorysetup-temp-allocator-size-job-worker=262144"
    "memorysetup-temp-allocator-size-preload-manager=33554432"
    "memorysetup-temp-allocator-size-nav-mesh-worker=65536"
    "memorysetup-temp-allocator-size-audio-worker=65536"
    "memorysetup-temp-allocator-size-cloud-worker=32768"
    "memorysetup-temp-allocator-size-gi-baking-worker=262144"
    "memorysetup-temp-allocator-size-gfx=262144"
Refreshing native plugins compatible for Editor in 96.59 ms, found 4 plugins.
Preloading 0 native plugins for Editor in 0.00 ms.
Initialize engine version: 2021.2.7f1 (6bd9e232123f)
[Subsystems] Discovering subsystems at path D:/2021.2.7f1/Editor/Data/Resources/UnitySubsystems
[Subsystems] Discovering subsystems at path D:/Revenant/3-1/Revenant_v.0.0.0/Assets
GfxDevice: creating device client; threaded=0; jobified=0
Direct3D:
    Version:  Direct3D 11.0 [level 11.1]
    Renderer: NVIDIA GeForce GTX 1660 SUPER (ID=0x21c4)
    Vendor:   NVIDIA
    VRAM:     5991 MB
    Driver:   27.21.14.5671
Initialize mono
Mono path[0] = 'D:/2021.2.7f1/Editor/Data/Managed'
Mono path[1] = 'D:/2021.2.7f1/Editor/Data/MonoBleedingEdge/lib/mono/unityjit-win32'
Mono config path = 'D:/2021.2.7f1/Editor/Data/MonoBleedingEdge/etc'
Using monoOptions --debugger-agent=transport=dt_socket,embedding=1,server=y,suspend=n,address=127.0.0.1:56184
Begin MonoManager ReloadAssembly
Registering precompiled unity dll's ...
Register platform support module: D:/2021.2.7f1/Editor/Data/PlaybackEngines/WindowsStandaloneSupport/UnityEditor.WindowsStandalone.Extensions.dll
Registered in 0.002021 seconds.
Native extension for WindowsStandalone target not found
Refreshing native plugins compatible for Editor in 93.22 ms, found 4 plugins.
Preloading 0 native plugins for Editor in 0.00 ms.
Mono: successfully reloaded assembly
- Completed reload, in  0.538 seconds
Domain Reload Profiling:
	ReloadAssembly (539ms)
		BeginReloadAssembly (66ms)
			ExecutionOrderSort (0ms)
			DisableScriptedObjects (0ms)
			BackupInstance (0ms)
			ReleaseScriptingObjects (0ms)
			CreateAndSetChildDomain (1ms)
		EndReloadAssembly (413ms)
			LoadAssemblies (65ms)
			RebuildTransferFunctionScriptingTraits (0ms)
			SetupTypeCache (87ms)
			ReleaseScriptCaches (0ms)
			RebuildScriptCaches (22ms)
			SetupLoadedEditorAssemblies (261ms)
				LogAssemblyErrors (0ms)
				InitializePlatformSupportModulesInManaged (12ms)
				SetLoadedEditorAssemblies (0ms)
				RefreshPlugins (94ms)
				BeforeProcessingInitializeOnLoad (1ms)
				ProcessInitializeOnLoadAttributes (107ms)
				ProcessInitializeOnLoadMethodAttributes (47ms)
				AfterProcessingInitializeOnLoad (0ms)
				EditorAssembliesLoaded (0ms)
			ExecutionOrderSort2 (0ms)
			AwakeInstancesAfterBackupRestoration (0ms)
Platform modules already initialized, skipping
Registering precompiled user dll's ...
Registered in 0.005079 seconds.
Begin MonoManager ReloadAssembly
Symbol file LoadedFromMemory doesn't match image D:\Revenant\3-1\Revenant_v.0.0.0\Library\PackageCache\com.unity.visualscripting@1.7.6\Editor\VisualScripting.Core\Dependencies\YamlDotNet\Unity.VisualScripting.YamlDotNet.dll
Symbol file LoadedFromMemory doesn't match image D:\Revenant\3-1\Revenant_v.0.0.0\Library\PackageCache\com.unity.visualscripting@1.7.6\Editor\VisualScripting.Core\Dependencies\DotNetZip\Unity.VisualScripting.IonicZip.dll
Native extension for WindowsStandalone target not found
Refreshing native plugins compatible for Editor in 95.15 ms, found 4 plugins.
Preloading 0 native plugins for Editor in 0.00 ms.
Mono: successfully reloaded assembly
- Completed reload, in  1.502 seconds
Domain Reload Profiling:
	ReloadAssembly (1504ms)
		BeginReloadAssembly (98ms)
			ExecutionOrderSort (0ms)
			DisableScriptedObjects (5ms)
			BackupInstance (0ms)
			ReleaseScriptingObjects (0ms)
			CreateAndSetChildDomain (17ms)
		EndReloadAssembly (1328ms)
			LoadAssemblies (81ms)
			RebuildTransferFunctionScriptingTraits (0ms)
			SetupTypeCache (232ms)
			ReleaseScriptCaches (1ms)
			RebuildScriptCaches (56ms)
			SetupLoadedEditorAssemblies (922ms)
				LogAssemblyErrors (0ms)
				InitializePlatformSupportModulesInManaged (12ms)
				SetLoadedEditorAssemblies (0ms)
				RefreshPlugins (96ms)
				BeforeProcessingInitializeOnLoad (94ms)
				ProcessInitializeOnLoadAttributes (644ms)
				ProcessInitializeOnLoadMethodAttributes (74ms)
				AfterProcessingInitializeOnLoad (2ms)
				EditorAssembliesLoaded (0ms)
			ExecutionOrderSort2 (0ms)
			AwakeInstancesAfterBackupRestoration (11ms)
Platform modules already initialized, skipping
========================================================================
Worker process is ready to serve import requests
Launched and connected shader compiler UnityShaderCompiler.exe after 0.04 seconds
Refreshing native plugins compatible for Editor in 1.39 ms, found 4 plugins.
Preloading 0 native plugins for Editor in 0.00 ms.
Unloading 5361 Unused Serialized files (Serialized files now loaded: 0)
Unloading 42 unused Assets / (0.7 MB). Loaded Objects now: 5810.
Memory consumption went from 214.5 MB to 213.8 MB.
Total: 3.747600 ms (FindLiveObjects: 0.406600 ms CreateObjectMapping: 0.443400 ms MarkObjects: 2.632500 ms  DeleteObjects: 0.264200 ms)

AssetImportParameters requested are different than current active one (requested -> active):
  custom:video-decoder-ogg-theora: a1e56fd34408186e4bbccfd4996cb3dc -> 
  custom:container-muxer-webm: aa71ff27fc2769a1b78a27578f13a17b -> 
  custom:container-demuxer-webm: 4f35f7cbe854078d1ac9338744f61a02 -> 
  custom:video-encoder-webm-vp8: eb34c28f22e8b96e1ab97ce403110664 -> 
  custom:video-codec-MediaFoundation-h265: 746d11721c4dcdbdad8f713fa42b33f4 -> 
  custom:audio-encoder-webm-vorbis: bf7c407c2cedff20999df2af8eb42d56 -> 
  custom:framework-win-MediaFoundation: 216162199b28c13a410421893ffa2e32 -> 
  custom:container-demuxer-ogg: 62fdf1f143b41e24485cea50d1cbac27 -> 
  custom:video-decoder-webm-vp8: 9c59270c3fd7afecdb556c50c9e8de78 -> 
  custom:audio-decoder-ogg-vorbis: bf7c407c2cedff20999df2af8eb42d56 -> 
========================================================================
Received Import Request.
  Time since last request: 35839.658242 seconds.
  path: Assets/Dummies_h
  artifactKey: Guid(9fcbae5ba0b6ab44eb3e843737678890) Importer(815301076,1909f56bfc062723c751e8b465ee728b)
Start importing Assets/Dummies_h using Guid(9fcbae5ba0b6ab44eb3e843737678890) Importer(815301076,1909f56bfc062723c751e8b465ee728b)  -> (artifact id: '1dec6a2aa398931836a37e7745f66f4f') in 0.007979 seconds 
========================================================================
Received Import Request.
  Time since last request: 34.120366 seconds.
  path: Assets/Sprites
  artifactKey: Guid(76609e307e2109a4f95116822be00a3d) Importer(815301076,1909f56bfc062723c751e8b465ee728b)
Start importing Assets/Sprites using Guid(76609e307e2109a4f95116822be00a3d) Importer(815301076,1909f56bfc062723c751e8b465ee728b)  -> (artifact id: '176100107108f8ee00e449ac37161f69') in 0.002381 seconds 
========================================================================
Received Import Request.
  Time since last request: 5.616647 seconds.
  path: Assets/Sprites/UIs
  artifactKey: Guid(b02569fb3a4bd4545a7c5e8474d7ea7a) Importer(815301076,1909f56bfc062723c751e8b465ee728b)
Start importing Assets/Sprites/UIs using Guid(b02569fb3a4bd4545a7c5e8474d7ea7a) Importer(815301076,1909f56bfc062723c751e8b465ee728b)  -> (artifact id: '9e5bc21c094d96ae23f2914b002ed6cd') in 0.001826 seconds 
========================================================================
Received Import Request.
  Time since last request: 6.048848 seconds.
  path: Assets/Settings
  artifactKey: Guid(0220aab0833d04faeb927d84ca6cc40c) Importer(815301076,1909f56bfc062723c751e8b465ee728b)
Start importing Assets/Settings using Guid(0220aab0833d04faeb927d84ca6cc40c) Importer(815301076,1909f56bfc062723c751e8b465ee728b)  -> (artifact id: '25cb18a7d52fb760c1d987232f46fab9') in 0.033303 seconds 
========================================================================
Received Import Request.
  Time since last request: 0.955409 seconds.
  path: Assets/Scenes
  artifactKey: Guid(109e9bdd0fcc649c5bc59085c35bdc83) Importer(815301076,1909f56bfc062723c751e8b465ee728b)
Start importing Assets/Scenes using Guid(109e9bdd0fcc649c5bc59085c35bdc83) Importer(815301076,1909f56bfc062723c751e8b465ee728b)  -> (artifact id: 'dc551c28631bb03ca9b61942ea6fe31a') in 0.001780 seconds 
========================================================================
Received Import Request.
  Time since last request: 0.711804 seconds.
  path: Assets/Dummies_m
  artifactKey: Guid(4b930807fecf28d4f86fee93f40a6df4) Importer(815301076,1909f56bfc062723c751e8b465ee728b)
Start importing Assets/Dummies_m using Guid(4b930807fecf28d4f86fee93f40a6df4) Importer(815301076,1909f56bfc062723c751e8b465ee728b)  -> (artifact id: '6b2d869db1399d57a7d4ad53d2ae8d18') in 0.002088 seconds 
========================================================================
Received Import Request.
  Time since last request: 15.989276 seconds.
  path: Assets/Sprites/UIs/InGame
  artifactKey: Guid(f8697b14ab2798a44b48f3e1b92463df) Importer(815301076,1909f56bfc062723c751e8b465ee728b)
Start importing Assets/Sprites/UIs/InGame using Guid(f8697b14ab2798a44b48f3e1b92463df) Importer(815301076,1909f56bfc062723c751e8b465ee728b)  -> (artifact id: 'a79906b55b28e1a53fe9ee994c4bc56f') in 0.001968 seconds 
========================================================================
Received Import Request.
  Time since last request: 6.836265 seconds.
  path: Assets/Sprites/UIs/OutGame
  artifactKey: Guid(ab0a1fc08b48b5e4eba21bf882e192ed) Importer(815301076,1909f56bfc062723c751e8b465ee728b)
Start importing Assets/Sprites/UIs/OutGame using Guid(ab0a1fc08b48b5e4eba21bf882e192ed) Importer(815301076,1909f56bfc062723c751e8b465ee728b)  -> (artifact id: '31e720a03a44916147dae9ed53301739') in 0.001883 seconds 
========================================================================
Received Import Request.
  Time since last request: 70.639943 seconds.
  path: Assets/Dummies/Prefabs
  artifactKey: Guid(dfa2d62dd42400442a6701c608b0ab94) Importer(815301076,1909f56bfc062723c751e8b465ee728b)
Start importing Assets/Dummies/Prefabs using Guid(dfa2d62dd42400442a6701c608b0ab94) Importer(815301076,1909f56bfc062723c751e8b465ee728b)  -> (artifact id: 'e59b85da851d71cd36b24b021337e6c0') in 0.001722 seconds 
========================================================================
Received Import Request.
  Time since last request: 8.700672 seconds.
  path: Assets/Dummies/Prefabs/Enemy
  artifactKey: Guid(416f487ca8eeecd46b08b7946cc12bcc) Importer(815301076,1909f56bfc062723c751e8b465ee728b)
Start importing Assets/Dummies/Prefabs/Enemy using Guid(416f487ca8eeecd46b08b7946cc12bcc) Importer(815301076,1909f56bfc062723c751e8b465ee728b)  -> (artifact id: 'f1fde4cc4817232aa60456481b606d17') in 0.001796 seconds 
========================================================================
Received Import Request.
  Time since last request: 5.838442 seconds.
  path: Assets/Dummies/Prefabs/Player
  artifactKey: Guid(a93a1680ed28a2c47896cd31944a3632) Importer(815301076,1909f56bfc062723c751e8b465ee728b)
Start importing Assets/Dummies/Prefabs/Player using Guid(a93a1680ed28a2c47896cd31944a3632) Importer(815301076,1909f56bfc062723c751e8b465ee728b)  -> (artifact id: '5422ff8d7cc06753a8fba251815ab8fd') in 0.001958 seconds 
========================================================================
Received Import Request.
  Time since last request: 22.550653 seconds.
  path: Assets/Dummies/Prefabs/Weapons
  artifactKey: Guid(18aae3758b9ef5840bd2a76bb94c3f56) Importer(815301076,1909f56bfc062723c751e8b465ee728b)
Start importing Assets/Dummies/Prefabs/Weapons using Guid(18aae3758b9ef5840bd2a76bb94c3f56) Importer(815301076,1909f56bfc062723c751e8b465ee728b)  -> (artifact id: 'e035ebb36544bc27fee16335eefc4088') in 0.001783 seconds 
